build/outputs/apk/manifest-merger-debug-report.txt
-- Merging decision tree log ---
manifest
ADDED from AndroidManifest.xml:2:1
	package
		ADDED from AndroidManifest.xml:3:5
	android:versionName
		ADDED from AndroidManifest.xml:5:5
	android:versionCode
		ADDED from AndroidManifest.xml:4:5
		INJECTED from AndroidManifest.xml:0:0
		INJECTED from AndroidManifest.xml:0:0
	xmlns:android
		ADDED from AndroidManifest.xml:2:11
uses-sdk
ADDED from AndroidManifest.xml:7:5
	android:targetSdkVersion
		ADDED from AndroidManifest.xml:9:9
	android:minSdkVersion
		ADDED from AndroidManifest.xml:8:9
application
ADDED from AndroidManifest.xml:11:5
	android:label
		ADDED from AndroidManifest.xml:15:9
	android:allowBackup
		ADDED from AndroidManifest.xml:13:9
	android:icon
		ADDED from AndroidManifest.xml:14:9
	android:theme
		ADDED from AndroidManifest.xml:16:9
	android:name
		ADDED from AndroidManifest.xml:12:9
activity#com.dynastech.oa.ui.LuZhouActivity
ADDED from AndroidManifest.xml:17:9
	android:screenOrientation
		ADDED from AndroidManifest.xml:20:13
	android:label
		ADDED from AndroidManifest.xml:19:13
	android:name
		ADDED from AndroidManifest.xml:18:13
activity#com.dynastech.oa.ui.LzMainPage
ADDED from AndroidManifest.xml:21:9
	android:screenOrientation
		ADDED from AndroidManifest.xml:23:13
	android:name
		ADDED from AndroidManifest.xml:22:13
activity#com.dynastech.oa.ui.OnLineWatch
ADDED from AndroidManifest.xml:24:9
	android:screenOrientation
		ADDED from AndroidManifest.xml:26:13
	android:theme
		ADDED from AndroidManifest.xml:27:13
	android:name
		ADDED from AndroidManifest.xml:25:13
activity#com.dynastech.oa.ui.OnlineImage
ADDED from AndroidManifest.xml:28:9
	android:screenOrientation
		ADDED from AndroidManifest.xml:30:13
	android:theme
		ADDED from AndroidManifest.xml:31:13
	android:name
		ADDED from AndroidManifest.xml:29:13
activity#com.dynastech.oa.ui.ActPointActivity
ADDED from AndroidManifest.xml:32:9
	android:screenOrientation
		ADDED from AndroidManifest.xml:35:13
	android:label
		ADDED from AndroidManifest.xml:34:13
	android:name
		ADDED from AndroidManifest.xml:33:13
activity#com.dynastech.cdmetro.ui.SettingPage
ADDED from AndroidManifest.xml:36:9
	android:screenOrientation
		ADDED from AndroidManifest.xml:38:13
	android:name
		ADDED from AndroidManifest.xml:37:13
activity#com.dynastech.oa.ui.LaunchFace
ADDED from AndroidManifest.xml:39:9
	android:screenOrientation
		ADDED from AndroidManifest.xml:41:13
	android:theme
		ADDED from AndroidManifest.xml:42:13
	android:name
		ADDED from AndroidManifest.xml:40:13
intent-filter#android.intent.action.MAIN+android.intent.category.LAUNCHER
ADDED from AndroidManifest.xml:43:13
action#android.intent.action.MAIN
ADDED from AndroidManifest.xml:44:17
	android:name
		ADDED from AndroidManifest.xml:44:25
category#android.intent.category.LAUNCHER
ADDED from AndroidManifest.xml:46:17
	android:name
		ADDED from AndroidManifest.xml:46:27
activity#com.dynastech.oa.ui.Main
ADDED from AndroidManifest.xml:49:9
	android:screenOrientation
		ADDED from AndroidManifest.xml:53:13
	android:launchMode
		ADDED from AndroidManifest.xml:52:13
	android:configChanges
		ADDED from AndroidManifest.xml:51:13
	android:theme
		ADDED from AndroidManifest.xml:54:13
	android:name
		ADDED from AndroidManifest.xml:50:13
activity#com.dynastech.oa.ui.Category
ADDED from AndroidManifest.xml:55:9
	android:screenOrientation
		ADDED from AndroidManifest.xml:57:13
	android:theme
		ADDED from AndroidManifest.xml:58:13
	android:name
		ADDED from AndroidManifest.xml:56:13
activity#com.dynastech.oa.ui.ManageActivity2
ADDED from AndroidManifest.xml:59:9
	android:screenOrientation
		ADDED from AndroidManifest.xml:62:13
	android:configChanges
		ADDED from AndroidManifest.xml:61:13
	android:theme
		ADDED from AndroidManifest.xml:63:13
	android:name
		ADDED from AndroidManifest.xml:60:13
activity#com.dynastech.oa.ui.ImageCapture2
ADDED from AndroidManifest.xml:64:9
	android:screenOrientation
		ADDED from AndroidManifest.xml:67:13
	android:configChanges
		ADDED from AndroidManifest.xml:66:13
	android:theme
		ADDED from AndroidManifest.xml:68:13
	android:name
		ADDED from AndroidManifest.xml:65:13
activity#com.dynastech.oa.ui.ImageCapture
ADDED from AndroidManifest.xml:69:9
	android:screenOrientation
		ADDED from AndroidManifest.xml:72:13
	android:configChanges
		ADDED from AndroidManifest.xml:71:13
	android:theme
		ADDED from AndroidManifest.xml:73:13
	android:name
		ADDED from AndroidManifest.xml:70:13
activity#com.dynastech.oa.ui.VideoCapture
ADDED from AndroidManifest.xml:74:9
	android:screenOrientation
		ADDED from AndroidManifest.xml:77:13
	android:configChanges
		ADDED from AndroidManifest.xml:76:13
	android:theme
		ADDED from AndroidManifest.xml:78:13
	android:name
		ADDED from AndroidManifest.xml:75:13
activity#com.dynastech.oa.ui.AttachesActivity
ADDED from AndroidManifest.xml:79:9
	android:screenOrientation
		ADDED from AndroidManifest.xml:82:13
	android:configChanges
		ADDED from AndroidManifest.xml:81:13
	android:theme
		ADDED from AndroidManifest.xml:83:13
	android:name
		ADDED from AndroidManifest.xml:80:13
activity#com.dynastech.oa.ui.NewBranchActivity
ADDED from AndroidManifest.xml:84:9
	android:screenOrientation
		ADDED from AndroidManifest.xml:87:13
	android:configChanges
		ADDED from AndroidManifest.xml:86:13
	android:theme
		ADDED from AndroidManifest.xml:88:13
	android:name
		ADDED from AndroidManifest.xml:85:13
activity#com.dynastech.oa.ui.NewBranchCharacter
ADDED from AndroidManifest.xml:89:9
	android:screenOrientation
		ADDED from AndroidManifest.xml:92:13
	android:configChanges
		ADDED from AndroidManifest.xml:91:13
	android:theme
		ADDED from AndroidManifest.xml:93:13
	android:name
		ADDED from AndroidManifest.xml:90:13
activity#com.dynastech.oa.ui.NewSelectCharacter
ADDED from AndroidManifest.xml:94:9
	android:screenOrientation
		ADDED from AndroidManifest.xml:97:13
	android:configChanges
		ADDED from AndroidManifest.xml:96:13
	android:theme
		ADDED from AndroidManifest.xml:98:13
	android:name
		ADDED from AndroidManifest.xml:95:13
activity#com.dynastech.oa.ui.Login
ADDED from AndroidManifest.xml:99:9
	android:screenOrientation
		ADDED from AndroidManifest.xml:101:13
	android:windowSoftInputMode
		ADDED from AndroidManifest.xml:103:13
	android:theme
		ADDED from AndroidManifest.xml:102:13
	android:name
		ADDED from AndroidManifest.xml:100:13
activity#com.dynastech.oa.ui.QrCodeActivity
ADDED from AndroidManifest.xml:104:9
	android:screenOrientation
		ADDED from AndroidManifest.xml:107:13
	android:configChanges
		ADDED from AndroidManifest.xml:106:13
	android:theme
		ADDED from AndroidManifest.xml:108:13
	android:name
		ADDED from AndroidManifest.xml:105:13
activity#io.vov.vitamio.activity.InitActivity
ADDED from AndroidManifest.xml:109:9
	android:launchMode
		ADDED from AndroidManifest.xml:112:13
	android:windowSoftInputMode
		ADDED from AndroidManifest.xml:114:13
	android:configChanges
		ADDED from AndroidManifest.xml:111:13
	android:theme
		ADDED from AndroidManifest.xml:113:13
	android:name
		ADDED from AndroidManifest.xml:110:13
activity#io.vov.vitamio.demo.VideoViewDemo
ADDED from AndroidManifest.xml:115:9
	android:label
		ADDED from AndroidManifest.xml:118:13
	android:configChanges
		ADDED from AndroidManifest.xml:117:13
	android:theme
		ADDED from AndroidManifest.xml:119:13
	android:name
		ADDED from AndroidManifest.xml:116:13
activity#com.dynastech.oa.ui.ContactListActivity
ADDED from AndroidManifest.xml:120:9
	android:screenOrientation
		ADDED from AndroidManifest.xml:123:13
	android:configChanges
		ADDED from AndroidManifest.xml:122:13
	android:theme
		ADDED from AndroidManifest.xml:124:13
	android:name
		ADDED from AndroidManifest.xml:121:13
activity#com.dynastech.oa.ui.DocumentsListActivity
ADDED from AndroidManifest.xml:125:9
	android:screenOrientation
		ADDED from AndroidManifest.xml:128:13
	android:configChanges
		ADDED from AndroidManifest.xml:127:13
	android:theme
		ADDED from AndroidManifest.xml:129:13
	android:name
		ADDED from AndroidManifest.xml:126:13
activity#com.dynastech.oa.ui.Sign
ADDED from AndroidManifest.xml:130:9
	android:screenOrientation
		ADDED from AndroidManifest.xml:133:13
	android:configChanges
		ADDED from AndroidManifest.xml:132:13
	android:theme
		ADDED from AndroidManifest.xml:134:13
	android:name
		ADDED from AndroidManifest.xml:131:13
service#com.dynastech.cdmetro.service.LocationService
ADDED from AndroidManifest.xml:136:9
	android:name
		ADDED from AndroidManifest.xml:136:18
service#com.baidu.location.f
ADDED from AndroidManifest.xml:137:9
	android:enabled
		ADDED from AndroidManifest.xml:139:13
	android:process
		ADDED from AndroidManifest.xml:140:13
	android:name
		ADDED from AndroidManifest.xml:138:13
uses-feature#android.hardware.camera.autofocus
ADDED from AndroidManifest.xml:143:5
	android:required
		ADDED from AndroidManifest.xml:145:9
	android:name
		ADDED from AndroidManifest.xml:144:9
uses-feature#android.hardware.camera
ADDED from AndroidManifest.xml:146:5
	android:name
		ADDED from AndroidManifest.xml:146:19
permission#android.permission.ACCESS_DOWNLOAD_MANAGER
ADDED from AndroidManifest.xml:148:5
	android:name
		ADDED from AndroidManifest.xml:148:17
uses-permission#android.permission.BROADCAST_STICKY
ADDED from AndroidManifest.xml:150:5
	android:name
		ADDED from AndroidManifest.xml:150:22
uses-permission#android.permission.DOWNLOAD_WITHOUT_NOTIFICATION
ADDED from AndroidManifest.xml:151:5
	android:name
		ADDED from AndroidManifest.xml:151:22
uses-permission#android.permission.SET_WALLPAPER
ADDED from AndroidManifest.xml:152:5
	android:name
		ADDED from AndroidManifest.xml:152:22
uses-permission#android.permission.INTERNET
ADDED from AndroidManifest.xml:153:5
	android:name
		ADDED from AndroidManifest.xml:153:22
uses-permission#android.permission.VIBRATE
ADDED from AndroidManifest.xml:154:5
	android:name
		ADDED from AndroidManifest.xml:154:22
uses-permission#android.permission.WRITE_EXTERNAL_STORAGE
ADDED from AndroidManifest.xml:155:5
	android:name
		ADDED from AndroidManifest.xml:155:22
uses-permission#android.permission.ACCESS_NETWORK_STATE
ADDED from AndroidManifest.xml:156:5
	android:name
		ADDED from AndroidManifest.xml:156:22
uses-permission#android.permission.READ_CONTACTS
ADDED from AndroidManifest.xml:157:5
	android:name
		ADDED from AndroidManifest.xml:157:22
uses-permission#android.permission.MODIFY_AUDIO_SETTINGS
ADDED from AndroidManifest.xml:158:5
	android:name
		ADDED from AndroidManifest.xml:158:22
uses-permission#android.permission.WAKE_LOCK
ADDED from AndroidManifest.xml:159:5
	android:name
		ADDED from AndroidManifest.xml:159:22
uses-permission#android.permission.BOOT_COMPLETED
ADDED from AndroidManifest.xml:160:5
	android:name
		ADDED from AndroidManifest.xml:160:22
uses-permission#android.permission.PROCESS_OUTGOING_CALLS
ADDED from AndroidManifest.xml:161:5
	android:name
		ADDED from AndroidManifest.xml:161:22
uses-permission#android.permission.CALL_PHONE
ADDED from AndroidManifest.xml:162:5
	android:name
		ADDED from AndroidManifest.xml:162:22
uses-permission#android.permission.RECEIVE_BOOT_COMPLETED
ADDED from AndroidManifest.xml:163:5
	android:name
		ADDED from AndroidManifest.xml:163:22
uses-permission#android.permission.CAMERA
ADDED from AndroidManifest.xml:164:5
	android:name
		ADDED from AndroidManifest.xml:164:22
uses-permission#android.permission.WRITE_CONTACTS
ADDED from AndroidManifest.xml:165:5
	android:name
		ADDED from AndroidManifest.xml:165:22
uses-permission#android.permission.READ_PHONE_STATE
ADDED from AndroidManifest.xml:166:5
	android:name
		ADDED from AndroidManifest.xml:166:22
uses-permission#android.permission.READ_SMS
ADDED from AndroidManifest.xml:167:5
	android:name
		ADDED from AndroidManifest.xml:167:22
uses-permission#android.permission.WRITE_SMS
ADDED from AndroidManifest.xml:168:5
	android:name
		ADDED from AndroidManifest.xml:168:22
uses-permission#android.permission.ACCESS_WIFI_STATE
ADDED from AndroidManifest.xml:169:5
	android:name
		ADDED from AndroidManifest.xml:169:22
uses-permission#android.permission.CHANGE_WIFI_STATE
ADDED from AndroidManifest.xml:170:5
	android:name
		ADDED from AndroidManifest.xml:170:22
uses-permission#android.permission.KILL_BACKGROUND_PROCESSES
ADDED from AndroidManifest.xml:171:5
	android:name
		ADDED from AndroidManifest.xml:171:22
uses-permission#android.permission.SEND_SMS
ADDED from AndroidManifest.xml:172:5
	android:name
		ADDED from AndroidManifest.xml:172:22
uses-permission#android.permission.RECEIVE_SMS
ADDED from AndroidManifest.xml:173:5
	android:name
		ADDED from AndroidManifest.xml:173:22
uses-permission#com.android.launcher.permission.UNINSTALL_SHORTCUT
ADDED from AndroidManifest.xml:174:5
	android:name
		ADDED from AndroidManifest.xml:174:22
uses-permission#com.android.launcher.permission.INSTALL_SHORTCUT
ADDED from AndroidManifest.xml:175:5
	android:name
		ADDED from AndroidManifest.xml:175:22
uses-permission#com.android.launcher.permission.READ_SETTINGS
ADDED from AndroidManifest.xml:176:5
	android:name
		ADDED from AndroidManifest.xml:176:22
uses-permission#com.android.email.permission.ACCESS_PROVIDER
ADDED from AndroidManifest.xml:177:5
	android:name
		ADDED from AndroidManifest.xml:177:22
uses-permission#com.android.email.permission.READ_ATTACHMENT
ADDED from AndroidManifest.xml:178:5
	android:name
		ADDED from AndroidManifest.xml:178:22
uses-permission#android.permission.FLASHLIGHT
ADDED from AndroidManifest.xml:179:5
	android:name
		ADDED from AndroidManifest.xml:179:22
uses-permission#android.permission.CHANGE_CONFIGURATION
ADDED from AndroidManifest.xml:180:5
	android:name
		ADDED from AndroidManifest.xml:180:22
uses-permission#android.permission.WRITE_SETTINGS
ADDED from AndroidManifest.xml:181:5
	android:name
		ADDED from AndroidManifest.xml:181:22
uses-permission#android.permission.MOUNT_UNMOUNT_FILESYSTEMS
ADDED from AndroidManifest.xml:182:5
	android:name
		ADDED from AndroidManifest.xml:182:22
uses-permission#android.permission.READ_OWNER_DATA
ADDED from AndroidManifest.xml:183:5
	android:name
		ADDED from AndroidManifest.xml:183:22
uses-permission#android.permission.WRITE_OWNER_DATA
ADDED from AndroidManifest.xml:184:5
	android:name
		ADDED from AndroidManifest.xml:184:22
uses-permission#android.permission.RECORD_AUDIO
ADDED from AndroidManifest.xml:185:5
	android:name
		ADDED from AndroidManifest.xml:185:22